<?xml version="1.0" encoding="utf-8"?><testsuites name="pytest tests"><testsuite name="pytest" errors="0" failures="2" skipped="0" tests="23" time="4.007" timestamp="2026-04-04T23:21:18.314535+08:00" hostname="MJRDN"><testcase classname="api.tests.TestIntegrationTasks" name="test_audit_log_is_created_on_project_create" time="0.694" /><testcase classname="api.tests.TestIntegrationTasks" name="test_audit_logs_endpoint_returns_only_current_user" time="0.435" /><testcase classname="api.tests.TestIntegrationTasks" name="test_case_schedules_filters_by_description_json" time="0.431"><failure message="django.core.exceptions.ValidationError: ['One of clocked, interval, crontab, or solar must be set.']">self = &lt;api.tests.TestIntegrationTasks testMethod=test_case_schedules_filters_by_description_json&gt;

    def test_case_schedules_filters_by_description_json(self):
        from django.contrib.auth import get_user_model
        from django_celery_beat.models import PeriodicTask
        from . import views as api_views
    
        user1 = get_user_model().objects.create_user(username='u11', password='p11')
        user2 = get_user_model().objects.create_user(username='u12', password='p12')
        project = Project.objects.create(name='p', owner=user1)
        case = DbTestCase.objects.create(project=project, title='c', status='draft', steps=[])
    
&gt;       PeriodicTask.objects.create(
            name='x',
            task='api.tasks.run_test_case_task',
            crontab=None,
            args='[]',
            kwargs='{}',
            enabled=True,
            description=json.dumps({'type': 'case', 'case_id': case.id, 'owner_id': user2.id}),
        )

api\tests.py:408: 
_ _ _ _ _ _ _ _ _ _ _ _ _ _ _ _ _ _ _ _ _ _ _ _ _ _ _ _ _ _ _ _ _ _ _ _ _ _ _ _
C:\Users\86138\AppData\Roaming\Python\Python314\site-packages\django\db\models\manager.py:87: in manager_method
    return getattr(self.get_queryset(), name)(*args, **kwargs)
           ^^^^^^^^^^^^^^^^^^^^^^^^^^^^^^^^^^^^^^^^^^^^^^^^^^^
C:\Users\86138\AppData\Roaming\Python\Python314\site-packages\django\db\models\query.py:660: in create
    obj.save(force_insert=True, using=self.db)
C:\Users\86138\AppData\Roaming\Python\Python314\site-packages\django_celery_beat\models.py:627: in save
    self.validate_unique()
_ _ _ _ _ _ _ _ _ _ _ _ _ _ _ _ _ _ _ _ _ _ _ _ _ _ _ _ _ _ _ _ _ _ _ _ _ _ _ _

self = &lt;PeriodicTask: x: {no schedule}&gt;, args = (), kwargs = {}
schedule_types = ['interval', 'crontab', 'solar', 'clocked']
selected_schedule_types = []

    def validate_unique(self, *args, **kwargs):
        super().validate_unique(*args, **kwargs)
    
        schedule_types = ['interval', 'crontab', 'solar', 'clocked']
        selected_schedule_types = [s for s in schedule_types
                                   if getattr(self, s)]
    
        if len(selected_schedule_types) == 0:
&gt;           raise ValidationError(
                'One of clocked, interval, crontab, or solar '
                'must be set.'
            )
E           django.core.exceptions.ValidationError: ['One of clocked, interval, crontab, or solar must be set.']

C:\Users\86138\AppData\Roaming\Python\Python314\site-packages\django_celery_beat\models.py:601: ValidationError</failure></testcase><testcase classname="api.tests.TestIntegrationTasks" name="test_case_version_is_created_on_create_and_update" time="0.226" /><testcase classname="api.tests.TestIntegrationTasks" name="test_envconfig_encrypts_and_masks_sensitive_fields" time="0.242" /><testcase classname="api.tests.TestIntegrationTasks" name="test_perf_record_locust_endpoint_returns_script" time="0.279" /><testcase classname="api.tests.TestIntegrationTasks" name="test_project_isolation_only_sees_own_projects" time="0.436" /><testcase classname="api.tests.TestIntegrationTasks" name="test_run_test_case_task_creates_record_and_renders_variables" time="0.220" /><testcase classname="api.tests.TestIntegrationTasks" name="test_run_test_suite_task_propagates_variables_across_cases" time="0.223" /><testcase classname="api.tests.TestEngineHttp" name="test_base_and_base_url_aliasing" time="0.002" /><testcase classname="api.tests.TestEngineHttp" name="test_bracket_placeholder_is_supported" time="0.001" /><testcase classname="api.tests.TestEngineHttp" name="test_db_query_execute_mode_rejects_non_dml" time="0.002" /><testcase classname="api.tests.TestEngineHttp" name="test_db_query_rejects_absolute_sqlite_path" time="0.002" /><testcase classname="api.tests.TestEngineHttp" name="test_db_query_rejects_dangerous_keyword_attach" time="0.003"><failure message="AssertionError: 'None' != 'Error'&#10;- None&#10;+ Error">self = &lt;api.tests.TestEngineHttp testMethod=test_db_query_rejects_dangerous_keyword_attach&gt;

    def test_db_query_rejects_dangerous_keyword_attach(self):
        engine = TestEngine(db_config={'sqlite_path': 'db.sqlite3'})
        res = engine.run_db_query('select 1 from pragma_table_info("t")')
&gt;       self.assertEqual(res, 'Error')
E       AssertionError: 'None' != 'Error'
E       - None
E       + Error

api\tests.py:102: AssertionError</failure></testcase><testcase classname="api.tests.TestEngineHttp" name="test_db_query_rejects_multi_statement" time="0.002" /><testcase classname="api.tests.TestEngineHttp" name="test_http_assertion_failure_makes_step_failed" time="0.002" /><testcase classname="api.tests.TestEngineHttp" name="test_http_capture_accepts_object" time="0.011" /><testcase classname="api.tests.TestEngineHttp" name="test_validate_outbound_http_url_allows_when_host_is_allowlisted" time="0.001" /><testcase classname="api.tests.TestEngineHttp" name="test_validate_outbound_http_url_blocks_localhost" time="0.001" /><testcase classname="api.tests.TestEngineHttp" name="test_validate_outbound_http_url_blocks_loopback_ip" time="0.001" /><testcase classname="api.tests.TestEngineHttp" name="test_validate_outbound_http_url_blocks_private_ip" time="0.001" /><testcase classname="api.tests.TestEngineHttp" name="test_validate_outbound_http_url_rejects_non_http_scheme" time="0.001" /><testcase classname="api.tests.TestEngineHttp" name="test_validate_outbound_http_url_rejects_userinfo" time="0.001" /></testsuite></testsuites>